<?xml version="1.0" encoding="UTF-8"?>
<testng-results skipped="0" failed="0" ignored="0" total="1" passed="1">
  <reporter-output>
  </reporter-output>
  <suite name="Suite" duration-ms="26" started-at="2017-01-30T08:57:36Z" finished-at="2017-01-30T08:57:36Z">
    <groups>
    </groups>
    <test name="Test" duration-ms="26" started-at="2017-01-30T08:57:36Z" finished-at="2017-01-30T08:57:36Z">
      <class name="AMX.SelDemo">
        <test-method status="PASS" signature="testdemo()[pri:0, instance:AMX.SelDemo@61832929]" name="testdemo" duration-ms="10" started-at="2017-01-30T03:57:36Z" finished-at="2017-01-30T03:57:36Z">
          <reporter-output>
          </reporter-output>
        </test-method> <!-- testdemo -->
      </class> <!-- AMX.SelDemo -->
    </test> <!-- Test -->
  </suite> <!-- Suite -->
</testng-results>
