<?xml version="1.0" encoding="UTF-8"?>
<testng-results skipped="0" failed="0" ignored="0" total="1" passed="1">
  <reporter-output>
  </reporter-output>
  <suite name="Suite" duration-ms="27" started-at="2017-01-30T07:48:49Z" finished-at="2017-01-30T07:48:49Z">
    <groups>
    </groups>
    <test name="Test" duration-ms="27" started-at="2017-01-30T07:48:49Z" finished-at="2017-01-30T07:48:49Z">
      <class name="SelDemo">
        <test-method status="PASS" signature="testdemo()[pri:0, instance:SelDemo@61832929]" name="testdemo" duration-ms="8" started-at="2017-01-30T02:48:49Z" finished-at="2017-01-30T02:48:49Z">
          <reporter-output>
          </reporter-output>
        </test-method> <!-- testdemo -->
      </class> <!-- SelDemo -->
    </test> <!-- Test -->
  </suite> <!-- Suite -->
</testng-results>
